
Server is running on port 8674
Start-time: Thu Aug 03 2023 09:23:48 GMT+0200 (Central European Summer Time)
Get request recieved!
Get request recieved!
Get request recieved!
Get request recieved!

Server is running on port 8674
Start-time: Thu Aug 03 2023 11:34:21 GMT+0200 (Central European Summer Time)

Get request recieved!
Get request recieved!

Server is running on port 8674
Start-time: Thu Aug 03 2023 11:35:33 GMT+0200 (Central European Summer Time)

Chats request recieved!
Message request recieved!
Chats request recieved!
Message request recieved!
Chats request recieved!
Message request recieved!
Message request recieved!
Chats request recieved!
Chats request recieved!
Message request recieved!
Chats request recieved!
Message request recieved!
Chats request recieved!
Message request recieved!

Server is running on port 8674
Start-time: Sat Aug 05 2023 13:56:02 GMT+0200 (Central European Summer Time)

Chats request recieved!
Message request recieved!
Chats request recieved!
Message request recieved!
Message request recieved!
Chats request recieved!
Chats request recieved!
Message request recieved!
Chats request recieved!
Message request recieved!
Chats request recieved!
Message request recieved!
Chats request recieved!
Message request recieved!
Chats request recieved!
Message request recieved!
Chats request recieved!
Message request recieved!
